
  ___  ____  ____  ____  ____ ®
 /__    /   ____/   /   ____/      18.0
___/   /   /___/   /   /___/       SE—Standard Edition

 Statistics and Data Science       Copyright 1985-2023 StataCorp LLC
                                   StataCorp
                                   4905 Lakeway Drive
                                   College Station, Texas 77845 USA
                                   800-STATA-PC        https://www.stata.com
                                   979-696-4600        stata@stata.com

Stata license: Unlimited-user network, expiring 30 Apr 2025
Serial number: 401809303166
  Licensed to: Paul David Boll
               University of Warwick

Notes:
      1. Stata is running in batch mode.
      2. Unicode is supported; see help unicode_advice.
      3. Maximum number of variables is set to 5,000 but can be increased; see help set_maxvar.

. do test/run_scpc.do 

. clear

. import delimited "toy.csv", clear
(encoding automatically selected: ISO-8859-1)
(5 vars, 500 obs)

. rename lat s_1

. rename lon s_2

. reg y x1 x2, vce(robust)        // any supported regression

Linear regression                               Number of obs     =        500
                                                F(2, 497)         =     222.84
                                                Prob > F          =     0.0000
                                                R-squared         =     0.4459
                                                Root MSE          =     .99167

------------------------------------------------------------------------------
             |               Robust
           y | Coefficient  std. err.      t    P>|t|     [95% conf. interval]
-------------+----------------------------------------------------------------
          x1 |   .8627429   .0427847    20.16   0.000     .7786818    .9468041
          x2 |  -.2468557   .0459274    -5.37   0.000    -.3370915   -.1566199
       _cons |   1.024155   .0443771    23.08   0.000     .9369647    1.111344
------------------------------------------------------------------------------

. scpc, avc(0.03) latlong cvs      // match the R call options you’ll use
found 500 observations / clusters and 2-dimensional locations in s_*
Computing distances on surface of sphere treating s_1 as latitude and s_2 as longitude
SCPC optimal q = 6 for maximal average pairwise correlation = 0.030

SCPC Inference for first 3 coefficients

               |      Coef     Std_Err     t      P>|t|    95% Conf   Interval  
  -------------+----------------------------------------------------------------
            x1 |  .8627429    .0518306   16.65    0.000    .7276677   .9978182  
            x2 | -.2468557    .0314092   -7.86    0.000    -.328067  -.1656445  
         _cons |  1.024155    .0668012   15.33    0.000    .8521521   1.196157  

Two-Sided Critical values of SCPC t-tests

               |    32%      10%       5%       1%  
  -------------+------------------------------------
            x1 |  1.191    2.090    2.606    3.891  
            x2 |  1.177    2.070    2.586    3.863  
         _cons |  1.182    2.068    2.575    3.827  

. 
. matrix list e(scpcstats)            // t-stats Stata stores here

e(scpcstats)[3,6]
             Coef     Std_Err         t         P>|t|    95% Conf    Interval
   x1   .86274294   .05183058   16.645441   3.601e-06   .72766769   .99781818
   x2  -.24685574   .03140924  -7.8593352   .00026068  -.32806696  -.16564452
_cons   1.0241545   .06680116   15.331388   5.027e-06   .85215211   1.1961569

. matrix b = e(scpcstats)

. clear

. svmat double b            // put them in a variable
number of observations will be reset to 3
Press any key to continue, or Break to abort
Number of observations (_N) was 0, now 3.

. export delimited using "stata_scpc.csv", replace
file stata_scpc.csv saved

. 
end of do-file
